#
# There is insufficient memory for the Java Runtime Environment to continue.
# Native memory allocation (mmap) failed to map 130023424 bytes for G1 virtual space
# Possible reasons:
#   The system is out of physical RAM or swap space
#   The process is running with CompressedOops enabled, and the Java Heap may be blocking the growth of the native heap
# Possible solutions:
#   Reduce memory load on the system
#   Increase physical memory or swap space
#   Check if swap backing store is full
#   Decrease Java heap size (-Xmx/-Xms)
#   Decrease number of Java threads
#   Decrease Java thread stack sizes (-Xss)
#   Set larger code cache with -XX:ReservedCodeCacheSize=
#   JVM is running with Unscaled Compressed Oops mode in which the Java heap is
#     placed in the first 4GB address space. The Java Heap base address is the
#     maximum limit for the native heap growth. Please use -XX:HeapBaseMinAddress
#     to set the Java Heap base and to place the Java Heap above 4GB virtual address.
# This output file may be truncated or incomplete.
#
#  Out of Memory Error (os_windows.cpp:3600), pid=11132, tid=11872
#
# JRE version:  (21.0.1+12) (build )
# Java VM: Java HotSpot(TM) 64-Bit Server VM (21.0.1+12-LTS-29, mixed mode, sharing, tiered, compressed oops, compressed class ptrs, g1 gc, windows-amd64)
# No core dump will be written. Minidumps are not enabled by default on client versions of Windows
#

---------------  S U M M A R Y ------------

Command Line: -javaagent:D:\idea\JetBrains\IntelliJIdea2024.1\lib\idea_rt.jar=56583:D:\idea\JetBrains\IntelliJIdea2024.1\bin -Dfile.encoding=UTF-8 -Dsun.stdout.encoding=UTF-8 -Dsun.stderr.encoding=UTF-8 hiber.MainApp

Host: 11th Gen Intel(R) Core(TM) i3-1115G4 @ 3.00GHz, 4 cores, 7G,  Windows 10 , 64 bit Build 19041 (10.0.19041.3636)
Time: Sun Jun 23 21:19:09 2024 RTZ 2 (s 10 , 64 bit Build 19041 (10.0.19041.3636) elapsed time: 0.020538 seconds (0d 0h 0m 0s)

---------------  T H R E A D  ---------------

Current thread (0x0000028058b8bb90):  JavaThread "Unknown thread" [_thread_in_vm, id=11872, stack(0x000000ce3a200000,0x000000ce3a300000) (1024K)]

Stack: [0x000000ce3a200000,0x000000ce3a300000]
Native frames: (J=compiled Java code, j=interpreted, Vv=VM code, C=native code)
V  [jvm.dll+0x6c9029]
V  [jvm.dll+0x854b81]
V  [jvm.dll+0x856e5e]
V  [jvm.dll+0x857543]
V  [jvm.dll+0x280c06]
V  [jvm.dll+0x6c5715]
V  [jvm.dll+0x6ba10a]
V  [jvm.dll+0x3557ea]
V  [jvm.dll+0x35d436]
V  [jvm.dll+0x3ae1be]
V  [jvm.dll+0x3ae468]
V  [jvm.dll+0x3291fc]
V  [jvm.dll+0x329d8b]
V  [jvm.dll+0x81d179]
V  [jvm.dll+0x3bb4f1]
V  [jvm.dll+0x805ae8]
V  [jvm.dll+0x44effe]
V  [jvm.dll+0x450901]
C  [jli.dll+0x52a3]
C  [ucrtbase.dll+0x21bb2]
C  [KERNEL32.DLL+0x17344]
C  [ntdll.dll+0x4cc91]


---------------  P R O C E S S  ---------------

Threads class SMR info:
_java_thread_list=0x00007ffa26ed9b88, length=0, elements={
}

Java Threads: ( => current thread )
Total: 0

Other Threads:
  0x0000028058b5dc00 WorkerThread "GC Thread#0"                     [id=12968, stack(0x000000ce3a700000,0x000000ce3a800000) (1024K)]
  0x0000028058cf1410 ConcurrentGCThread "G1 Main Marker"            [id=3532, stack(0x000000ce3a800000,0x000000ce3a900000) (1024K)]
  0x0000028058b5e340 WorkerThread "G1 Conc#0"                       [id=2156, stack(0x000000ce3a900000,0x000000ce3aa00000) (1024K)]

[error occurred during error reporting (printing all threads), id 0xc0000005, EXCEPTION_ACCESS_VIOLATION (0xc0000005) at pc=0x00007ffa2664c2c7]
VM state: not at safepoint (not fully initialized)

VM Mutex/Monitor currently owned by a thread:  ([mutex/lock_event])
[0x00007ffa26f4a6f8] Heap_lock - owner thread: 0x0000028058b8bb90

Heap address: 0x0000000084c00000, size: 1972 MB, Compressed Oops mode: 32-bit

CDS archive(s) mapped at: [0x0000000000000000-0x0000000000000000-0x0000000000000000), size 0, SharedBaseAddress: 0x0000000800000000, ArchiveRelocationMode: 1.
Narrow klass base: 0x0000000000000000, Narrow klass shift: 0, Narrow klass range: 0x0

GC Precious Log:
 CardTable entry size: 512
 Card Set container configuration: InlinePtr #cards 5 size 8 Array Of Cards #cards 12 size 40 Howl #buckets 4 coarsen threshold 1843 Howl Bitmap #cards 512 size 80 coarsen threshold 460 Card regions per heap region 1 cards per card region 2048

Heap:
 garbage-first heap   total 0K, used 0K [0x0000000084c00000, 0x0000000100000000)
  region size 1024K, 0 young (0K), 0 survivors (0K)

[error occurred during error reporting (printing heap information), id 0xc0000005, EXCEPTION_ACCESS_VIOLATION (0xc0000005) at pc=0x00007ffa26a31be9]
GC Heap History (0 events):
No events

Dll operation events (1 events):
Event: 0.012 Loaded shared library C:\Program Files\Java\jdk-21\bin\java.dll

Deoptimization events (0 events):
No events

Classes loaded (0 events):
No events

Classes unloaded (0 events):
No events

Classes redefined (0 events):
No events

Internal exceptions (0 events):
No events

ZGC Phase Switch (0 events):
No events

VM Operations (0 events):
No events

Events (0 events):
No events


Dynamic libraries:
0x00007ff636e30000 - 0x00007ff636e40000 	C:\Program Files\Java\jdk-21\bin\java.exe
0x00007ffa60eb0000 - 0x00007ffa610a8000 	C:\Windows\SYSTEM32\ntdll.dll
0x00007ffa5fb50000 - 0x00007ffa5fc0d000 	C:\Windows\System32\KERNEL32.DLL
0x00007ffa5e7e0000 - 0x00007ffa5ead6000 	C:\Windows\System32\KERNELBASE.dll
0x00007ffa5e630000 - 0x00007ffa5e730000 	C:\Windows\System32\ucrtbase.dll
0x00007ffa53a70000 - 0x00007ffa53a89000 	C:\Program Files\Java\jdk-21\bin\jli.dll
0x00007ffa4a270000 - 0x00007ffa4a28b000 	C:\Program Files\Java\jdk-21\bin\VCRUNTIME140.dll
0x00007ffa5fc10000 - 0x00007ffa5fcc0000 	C:\Windows\System32\ADVAPI32.dll
0x00007ffa60370000 - 0x00007ffa6040e000 	C:\Windows\System32\msvcrt.dll
0x00007ffa5fab0000 - 0x00007ffa5fb50000 	C:\Windows\System32\sechost.dll
0x00007ffa5fcc0000 - 0x00007ffa5fde3000 	C:\Windows\System32\RPCRT4.dll
0x00007ffa5eb10000 - 0x00007ffa5eb37000 	C:\Windows\System32\bcrypt.dll
0x00007ffa604f0000 - 0x00007ffa6068f000 	C:\Windows\System32\USER32.dll
0x00007ffa5eae0000 - 0x00007ffa5eb02000 	C:\Windows\System32\win32u.dll
0x00007ffa5ff20000 - 0x00007ffa5ff4b000 	C:\Windows\System32\GDI32.dll
0x00007ffa49ac0000 - 0x00007ffa49d5a000 	C:\Windows\WinSxS\amd64_microsoft.windows.common-controls_6595b64144ccf1df_6.0.19041.4355_none_60b8b9eb71f62e16\COMCTL32.dll
0x00007ffa5eb40000 - 0x00007ffa5ec57000 	C:\Windows\System32\gdi32full.dll
0x00007ffa5edc0000 - 0x00007ffa5ee5d000 	C:\Windows\System32\msvcp_win.dll
0x00007ffa52bb0000 - 0x00007ffa52bba000 	C:\Windows\SYSTEM32\VERSION.dll
0x00007ffa60880000 - 0x00007ffa608af000 	C:\Windows\System32\IMM32.DLL
0x00007ffa60410000 - 0x00007ffa60465000 	C:\Windows\System32\SHLWAPI.dll
0x00007ffa565b0000 - 0x00007ffa565bc000 	C:\Program Files\Java\jdk-21\bin\vcruntime140_1.dll
0x00007ffa34aa0000 - 0x00007ffa34b2e000 	C:\Program Files\Java\jdk-21\bin\msvcp140.dll
0x00007ffa26310000 - 0x00007ffa27025000 	C:\Program Files\Java\jdk-21\bin\server\jvm.dll
0x00007ffa60300000 - 0x00007ffa6036b000 	C:\Windows\System32\WS2_32.dll
0x00007ffa47c80000 - 0x00007ffa47ca7000 	C:\Windows\SYSTEM32\WINMM.dll
0x00007ffa5daa0000 - 0x00007ffa5daeb000 	C:\Windows\SYSTEM32\POWRPROF.dll
0x00007ffa5d960000 - 0x00007ffa5d972000 	C:\Windows\SYSTEM32\UMPDC.dll
0x00007ffa5cd80000 - 0x00007ffa5cd92000 	C:\Windows\SYSTEM32\kernel.appcore.dll
0x00007ffa55070000 - 0x00007ffa5507a000 	C:\Program Files\Java\jdk-21\bin\jimage.dll
0x00007ffa5c300000 - 0x00007ffa5c4e4000 	C:\Windows\SYSTEM32\DBGHELP.DLL
0x00007ffa42c60000 - 0x00007ffa42c94000 	C:\Windows\SYSTEM32\dbgcore.DLL
0x00007ffa5ee60000 - 0x00007ffa5eee2000 	C:\Windows\System32\bcryptPrimitives.dll
0x00007ffa564b0000 - 0x00007ffa564bf000 	C:\Program Files\Java\jdk-21\bin\instrument.dll
0x00007ffa489b0000 - 0x00007ffa489cf000 	C:\Program Files\Java\jdk-21\bin\java.dll

dbghelp: loaded successfully - version: 4.0.5 - missing functions: none
symbol engine: initialized successfully - sym options: 0x614 - pdb path: .;C:\Program Files\Java\jdk-21\bin;C:\Windows\SYSTEM32;C:\Windows\WinSxS\amd64_microsoft.windows.common-controls_6595b64144ccf1df_6.0.19041.4355_none_60b8b9eb71f62e16;C:\Program Files\Java\jdk-21\bin\server

VM Arguments:
jvm_args: -javaagent:D:\idea\JetBrains\IntelliJIdea2024.1\lib\idea_rt.jar=56583:D:\idea\JetBrains\IntelliJIdea2024.1\bin -Dfile.encoding=UTF-8 -Dsun.stdout.encoding=UTF-8 -Dsun.stderr.encoding=UTF-8 
java_command: hiber.MainApp
java_class_path (initial): D:\ideaProjects\Task-5-Ready\target\classes;C:\Users\Елена\.m2\repository\org\springframework\spring-context\5.3.14\spring-context-5.3.14.jar;C:\Users\Елена\.m2\repository\org\springframework\spring-aop\5.3.14\spring-aop-5.3.14.jar;C:\Users\Елена\.m2\repository\org\springframework\spring-beans\5.3.14\spring-beans-5.3.14.jar;C:\Users\Елена\.m2\repository\org\springframework\spring-core\5.3.14\spring-core-5.3.14.jar;C:\Users\Елена\.m2\repository\org\springframework\spring-jcl\5.3.14\spring-jcl-5.3.14.jar;C:\Users\Елена\.m2\repository\org\springframework\spring-expression\5.3.14\spring-expression-5.3.14.jar;C:\Users\Елена\.m2\repository\org\springframework\spring-orm\5.3.14\spring-orm-5.3.14.jar;C:\Users\Елена\.m2\repository\org\springframework\spring-jdbc\5.3.14\spring-jdbc-5.3.14.jar;C:\Users\Елена\.m2\repository\org\springframework\spring-tx\5.3.14\spring-tx-5.3.14.jar;C:\Users\Елена\.m2\repository\org\hibernate\hibernate-core\5.6.3.Final\hibernate-core-5.6.3.Final.jar;C:\Users\Елена\.m2\repository\org\jboss\logging\jboss-logging\3.4.2.Final\jboss-logging-3.4.2.Final.jar;C:\Users\Елена\.m2\repository\javax\persistence\javax.persistence-api\2.2\javax.persistence-api-2.2.jar;C:\Users\Елена\.m2\repository\net\bytebuddy\byte-buddy\1.11.20\byte-buddy-1.11.20.jar;C:\Users\Елена\.m2\repository\antlr\antlr\2.7.7\antlr-2.7.7.jar;C:\Users\Елена\.m2\repository\org\jboss\spec\javax\transaction\jboss-transaction-api_1.2_spec\1.1.1.Final\jboss-transaction-api_1.2_spec-1.1.1.Final.jar;C:\Users\Елена\.m2\repository\org\jboss\jandex\2.2.3.Final\jandex-2.2.3.Final.jar;C:\Users\Елена\.m2\repository\com\fasterxml\classmate\1.5.1\classmate-1.5.1.jar;C:\Users\Елена\.m2\repository\javax\activation\javax.activation-api\1.2.0\javax.activation-api-1.2.0.jar;C:\Users\Елена\.m2\repository\org\hibernate\common\hibernate-commons-annotations\5.1.2.Final\hibernate-commons-annotations-5.1.2.Final.jar;C:\Users\Елена\.m2\repository\javax\xml\bind\jaxb-api\2.3.1\jaxb-api-2.3.1.jar;C:\Users\Елена\.m2\repository\org\glassfish\jaxb\jaxb-runtime\2.3.1\jaxb-runtime-2.3.1.jar;C:\Users\Елена\.m2\repository\org\glassfish\jaxb\txw2\2.3.1\txw2-2.3.1.jar;C:\Users\Елена\.m2\repository\com\sun\istack\istack-commons-runtime\3.0.7\istack-commons-runtime-3.0.7.jar;C:\Users\Елена\.m2\repository\org\jvnet\staxex\stax-ex\1.8\stax-ex-1.8.jar;C:\Users\Елена\.m2\repository\com\sun\xml\fastinfoset\FastInfoset\1.2.15\FastInfoset-1.2.15.jar;C:\Users\Елена\.m2\repository\mysql\mysql-connector-java\8.0.25\mysql-connector-java-8.0.25.jar;C:\Users\Елена\.m2\repository\com\google\protobuf\protobuf-java\3.11.4\protobuf-java-3.11.4.jar;C:\Users\Елена\.m2\repository\org\postgresql\postgresql\42.7.3\postgresql-42.7.3.jar;C:\Users\Елена\.m2\repository\org\checkerframework\checker-qual\3.42.0\checker-qual-3.42.0.jar
Launcher Type: SUN_STANDARD

[Global flags]
     intx CICompilerCount                          = 3                                         {product} {ergonomic}
     uint ConcGCThreads                            = 1                                         {product} {ergonomic}
     uint G1ConcRefinementThreads                  = 4                                         {product} {ergonomic}
   size_t G1HeapRegionSize                         = 1048576                                   {product} {ergonomic}
    uintx GCDrainStackTargetSize                   = 64                                        {product} {ergonomic}
   size_t InitialHeapSize                          = 130023424                                 {product} {ergonomic}
   size_t MarkStackSize                            = 4194304                                   {product} {ergonomic}
   size_t MaxHeapSize                              = 2067791872                                {product} {ergonomic}
   size_t MinHeapDeltaBytes                        = 1048576                                   {product} {ergonomic}
   size_t MinHeapSize                              = 8388608                                   {product} {ergonomic}
    uintx NonNMethodCodeHeapSize                   = 5832780                                {pd product} {ergonomic}
    uintx NonProfiledCodeHeapSize                  = 122912730                              {pd product} {ergonomic}
    uintx ProfiledCodeHeapSize                     = 122912730                              {pd product} {ergonomic}
    uintx ReservedCodeCacheSize                    = 251658240                              {pd product} {ergonomic}
     bool SegmentedCodeCache                       = true                                      {product} {ergonomic}
   size_t SoftMaxHeapSize                          = 2067791872                             {manageable} {ergonomic}
     bool UseCompressedOops                        = true                           {product lp64_product} {ergonomic}
     bool UseG1GC                                  = true                                      {product} {ergonomic}
     bool UseLargePagesIndividualAllocation        = false                                  {pd product} {ergonomic}

Logging:
Log output configuration:
 #0: stdout all=warning uptime,level,tags foldmultilines=false
 #1: stderr all=off uptime,level,tags foldmultilines=false

Environment Variables:
JAVA_HOME=D:\jdk\openjdk-21.0.1_windows-x64_bin
PATH=C:\Program Files\Common Files\Oracle\Java\javapath;C:\Program Files (x86)\Common Files\Oracle\Java\java8path;C:\Program Files (x86)\Common Files\Oracle\Java\javapath;C:\Program Files (x86)\NVIDIA Corporation\PhysX\Common;D:\bin\;C:\Windows\system32;C:\Windows;C:\Windows\System32\Wbem;C:\Windows\System32\WindowsPowerShell\v1.0\;C:\Windows\System32\OpenSSH\;C:\Program Files\Git\cmd;C:\Users\Елена\AppData\Local\Programs\Python\Python312\Scripts\;C:\Users\Елена\AppData\Local\Programs\Python\Python312\;C:\Users\Елена\AppData\Local\Microsoft\WindowsApps;C:\Users\Елена\AppData\Local\atom\bin;D:\Microsoft VS Code\bin;C:\Users\Елена\AppData\Local\GitHubDesktop\bin;D:\apache-maven-3.9.7-bin\apache-maven-3.9.7\bin;
USERNAME=User
OS=Windows_NT
PROCESSOR_IDENTIFIER=Intel64 Family 6 Model 140 Stepping 1, GenuineIntel
TMP=C:\Users\6145~1\AppData\Local\Temp
TEMP=C:\Users\6145~1\AppData\Local\Temp




Periodic native trim disabled

---------------  S Y S T E M  ---------------

OS:
 Windows 10 , 64 bit Build 19041 (10.0.19041.3636)
OS uptime: 1 days 8:54 hours

CPU: total 4 (initial active 4) (2 cores per cpu, 2 threads per core) family 6 model 140 stepping 1 microcode 0xa4, cx8, cmov, fxsr, ht, mmx, 3dnowpref, sse, sse2, sse3, ssse3, sse4.1, sse4.2, popcnt, lzcnt, tsc, tscinvbit, avx, avx2, aes, erms, clmul, bmi1, bmi2, adx, avx512f, avx512dq, avx512cd, avx512bw, avx512vl, sha, fma, vzeroupper, avx512_vpopcntdq, avx512_vpclmulqdq, avx512_vaes, avx512_vnni, clflush, clflushopt, clwb, avx512_vbmi2, avx512_vbmi, rdtscp, rdpid, fsrm, gfni, avx512_bitalg, f16c, pku, cet_ibt, cet_ss, avx512_ifma
Processor Information for all 4 processors :
  Max Mhz: 2995, Current Mhz: 2995, Mhz Limit: 2995

Memory: 4k page, system-wide physical 7886M (690M free)
TotalPageFile size 15886M (AvailPageFile size 89M)
current process WorkingSet (physical memory assigned to process): 11M, peak: 11M
current process commit charge ("private bytes"): 52M, peak: 176M

vm_info: Java HotSpot(TM) 64-Bit Server VM (21.0.1+12-LTS-29) for windows-amd64 JRE (21.0.1+12-LTS-29), built on 2023-10-05T13:27:09Z by "mach5one" with MS VC++ 17.1 (VS2022)

END.
